app/build/intermediates/manifest_merge_blame_file/debug/manifest-merger-blame-debug-report.txt
1<?xml version="1.0" encoding="utf-8"?>
2<manifest xmlns:android="http://schemas.android.com/apk/res/android"
3    package="com.superadtech.adsmodel"
4    android:versionCode="1"
5    android:versionName="1.0" >
6
7    <uses-sdk
8        android:minSdkVersion="21"
8-->src\main\AndroidManifest.xml
9        android:targetSdkVersion="33" />
9-->src\main\AndroidManifest.xml
10
11    <uses-permission android:name="android.permission.INTERNET" />
11-->[:bdvanceswitch] AndroidManifest.xml:9:5-67
11-->[:bdvanceswitch] AndroidManifest.xml:9:22-64
12    <uses-permission android:name="android.permission.ACCESS_NETWORK_STATE" />
12-->[:bdvanceswitch] AndroidManifest.xml:10:5-79
12-->[:bdvanceswitch] AndroidManifest.xml:10:22-76
13    <uses-permission android:name="android.permission.ACCESS_WIFI_STATE" />
13-->[:bdvanceswitch] AndroidManifest.xml:11:5-76
13-->[:bdvanceswitch] AndroidManifest.xml:11:22-73
14    <uses-permission android:name="com.google.android.gms.permission.AD_ID" />
14-->[:bdvanceswitch] AndroidManifest.xml:12:5-79
14-->[:bdvanceswitch] AndroidManifest.xml:12:22-76
15    <uses-permission android:name="com.google.android.finsky.permission.BIND_GET_INSTALL_REFERRER_SERVICE" /> <!-- Create a unique permission for your app and use it so only your app can receive your OneSignal messages. -->
15-->[:bdvanceswitch] AndroidManifest.xml:13:5-110
15-->[:bdvanceswitch] AndroidManifest.xml:13:22-107
16    <permission
16-->[com.onesignal:OneSignal:4.8.6] AndroidManifest.xml:7:5-9:47
17        android:name="com.superadtech.adsmodel.permission.C2D_MESSAGE"
17-->[com.onesignal:OneSignal:4.8.6] AndroidManifest.xml:8:9-63
18        android:protectionLevel="signature" />
18-->[com.onesignal:OneSignal:4.8.6] AndroidManifest.xml:9:9-44
19
20    <uses-permission android:name="com.superadtech.adsmodel.permission.C2D_MESSAGE" /> <!-- OneSignal SDK has runtime checks Android version. -->
20-->[com.onesignal:OneSignal:4.8.6] AndroidManifest.xml:11:5-79
20-->[com.onesignal:OneSignal:4.8.6] AndroidManifest.xml:11:22-76
21    <!-- <uses-sdk tools:overrideLibrary="android.support.customtabs"/> -->
22    <!-- Required runtime permission to display notifications on Android 13 -->
23    <uses-permission android:name="android.permission.POST_NOTIFICATIONS" /> <!-- c2dm RECEIVE are basic requirements for push messages through Google's FCM -->
23-->[com.onesignal:OneSignal:4.8.6] AndroidManifest.xml:16:5-77
23-->[com.onesignal:OneSignal:4.8.6] AndroidManifest.xml:16:22-74
24    <uses-permission android:name="com.google.android.c2dm.permission.RECEIVE" /> <!-- Required, makes sure notifications are delivered on time. -->
24-->[com.onesignal:OneSignal:4.8.6] AndroidManifest.xml:18:5-82
24-->[com.onesignal:OneSignal:4.8.6] AndroidManifest.xml:18:22-79
25    <uses-permission android:name="android.permission.WAKE_LOCK" />
25-->[com.onesignal:OneSignal:4.8.6] AndroidManifest.xml:19:5-68
25-->[com.onesignal:OneSignal:4.8.6] AndroidManifest.xml:19:22-65
26    <!--
27 Required so the device vibrates on receiving a push notification.
28         Vibration settings of the device still apply.
29    -->
30    <uses-permission android:name="android.permission.VIBRATE" />
30-->[com.onesignal:OneSignal:4.8.6] AndroidManifest.xml:24:5-66
30-->[com.onesignal:OneSignal:4.8.6] AndroidManifest.xml:24:22-63
31    <!--
32 Use to restore notifications the user hasn't interacted with.
33         They could be missed notifications if the user reboots their device if this isn't in place.
34    -->
35    <uses-permission android:name="android.permission.RECEIVE_BOOT_COMPLETED" /> <!-- START: ShortcutBadger -->
35-->[com.onesignal:OneSignal:4.8.6] AndroidManifest.xml:30:5-81
35-->[com.onesignal:OneSignal:4.8.6] AndroidManifest.xml:30:22-78
36    <!-- Samsung -->
37    <uses-permission android:name="com.sec.android.provider.badge.permission.READ" />
37-->[com.onesignal:OneSignal:4.8.6] AndroidManifest.xml:32:5-86
37-->[com.onesignal:OneSignal:4.8.6] AndroidManifest.xml:32:22-83
38    <uses-permission android:name="com.sec.android.provider.badge.permission.WRITE" /> <!-- HTC -->
38-->[com.onesignal:OneSignal:4.8.6] AndroidManifest.xml:33:5-87
38-->[com.onesignal:OneSignal:4.8.6] AndroidManifest.xml:33:22-84
39    <uses-permission android:name="com.htc.launcher.permission.READ_SETTINGS" />
39-->[com.onesignal:OneSignal:4.8.6] AndroidManifest.xml:34:5-81
39-->[com.onesignal:OneSignal:4.8.6] AndroidManifest.xml:34:22-78
40    <uses-permission android:name="com.htc.launcher.permission.UPDATE_SHORTCUT" /> <!-- Sony -->
40-->[com.onesignal:OneSignal:4.8.6] AndroidManifest.xml:35:5-83
40-->[com.onesignal:OneSignal:4.8.6] AndroidManifest.xml:35:22-80
41    <uses-permission android:name="com.sonyericsson.home.permission.BROADCAST_BADGE" />
41-->[com.onesignal:OneSignal:4.8.6] AndroidManifest.xml:36:5-88
41-->[com.onesignal:OneSignal:4.8.6] AndroidManifest.xml:36:22-85
42    <uses-permission android:name="com.sonymobile.home.permission.PROVIDER_INSERT_BADGE" /> <!-- Apex -->
42-->[com.onesignal:OneSignal:4.8.6] AndroidManifest.xml:37:5-92
42-->[com.onesignal:OneSignal:4.8.6] AndroidManifest.xml:37:22-89
43    <uses-permission android:name="com.anddoes.launcher.permission.UPDATE_COUNT" /> <!-- Solid -->
43-->[com.onesignal:OneSignal:4.8.6] AndroidManifest.xml:38:5-84
43-->[com.onesignal:OneSignal:4.8.6] AndroidManifest.xml:38:22-81
44    <uses-permission android:name="com.majeur.launcher.permission.UPDATE_BADGE" /> <!-- Huawei -->
44-->[com.onesignal:OneSignal:4.8.6] AndroidManifest.xml:39:5-83
44-->[com.onesignal:OneSignal:4.8.6] AndroidManifest.xml:39:22-80
45    <uses-permission android:name="com.huawei.android.launcher.permission.CHANGE_BADGE" />
45-->[com.onesignal:OneSignal:4.8.6] AndroidManifest.xml:40:5-91
45-->[com.onesignal:OneSignal:4.8.6] AndroidManifest.xml:40:22-88
46    <uses-permission android:name="com.huawei.android.launcher.permission.READ_SETTINGS" />
46-->[com.onesignal:OneSignal:4.8.6] AndroidManifest.xml:41:5-92
46-->[com.onesignal:OneSignal:4.8.6] AndroidManifest.xml:41:22-89
47    <uses-permission android:name="com.huawei.android.launcher.permission.WRITE_SETTINGS" /> <!-- ZUK -->
47-->[com.onesignal:OneSignal:4.8.6] AndroidManifest.xml:42:5-93
47-->[com.onesignal:OneSignal:4.8.6] AndroidManifest.xml:42:22-90
48    <uses-permission android:name="android.permission.READ_APP_BADGE" /> <!-- OPPO -->
48-->[com.onesignal:OneSignal:4.8.6] AndroidManifest.xml:43:5-73
48-->[com.onesignal:OneSignal:4.8.6] AndroidManifest.xml:43:22-70
49    <uses-permission android:name="com.oppo.launcher.permission.READ_SETTINGS" />
49-->[com.onesignal:OneSignal:4.8.6] AndroidManifest.xml:44:5-82
49-->[com.onesignal:OneSignal:4.8.6] AndroidManifest.xml:44:22-79
50    <uses-permission android:name="com.oppo.launcher.permission.WRITE_SETTINGS" /> <!-- EvMe -->
50-->[com.onesignal:OneSignal:4.8.6] AndroidManifest.xml:45:5-83
50-->[com.onesignal:OneSignal:4.8.6] AndroidManifest.xml:45:22-80
51    <uses-permission android:name="me.everything.badger.permission.BADGE_COUNT_READ" />
51-->[com.onesignal:OneSignal:4.8.6] AndroidManifest.xml:46:5-88
51-->[com.onesignal:OneSignal:4.8.6] AndroidManifest.xml:46:22-85
52    <uses-permission android:name="me.everything.badger.permission.BADGE_COUNT_WRITE" />
52-->[com.onesignal:OneSignal:4.8.6] AndroidManifest.xml:47:5-89
52-->[com.onesignal:OneSignal:4.8.6] AndroidManifest.xml:47:22-86
53
54    <queries>
54-->[com.facebook.android:audience-network-sdk:6.16.0] AndroidManifest.xml:11:5-13:15
55        <package android:name="com.facebook.katana" />
55-->[com.facebook.android:audience-network-sdk:6.16.0] AndroidManifest.xml:12:9-55
55-->[com.facebook.android:audience-network-sdk:6.16.0] AndroidManifest.xml:12:18-52
56        <!-- For browser content -->
57        <intent>
57-->[com.google.android.gms:play-services-ads-lite:22.2.0] AndroidManifest.xml:35:9-41:18
58            <action android:name="android.intent.action.VIEW" />
58-->[com.onesignal:OneSignal:4.8.6] AndroidManifest.xml:77:17-69
58-->[com.onesignal:OneSignal:4.8.6] AndroidManifest.xml:77:25-66
59
60            <category android:name="android.intent.category.BROWSABLE" />
60-->[com.google.android.gms:play-services-ads-lite:22.2.0] AndroidManifest.xml:38:13-74
60-->[com.google.android.gms:play-services-ads-lite:22.2.0] AndroidManifest.xml:38:23-71
61
62            <data android:scheme="https" />
62-->[com.google.android.gms:play-services-ads-lite:22.2.0] AndroidManifest.xml:40:13-44
62-->[com.google.android.gms:play-services-ads-lite:22.2.0] AndroidManifest.xml:40:19-41
63        </intent> <!-- End of browser content -->
64        <!-- For CustomTabsService -->
65        <intent>
65-->[com.google.android.gms:play-services-ads-lite:22.2.0] AndroidManifest.xml:44:9-46:18
66            <action android:name="android.support.customtabs.action.CustomTabsService" />
66-->[com.google.android.gms:play-services-ads-lite:22.2.0] AndroidManifest.xml:45:13-90
66-->[com.google.android.gms:play-services-ads-lite:22.2.0] AndroidManifest.xml:45:21-87
67        </intent>
68    </queries>
69
70    <uses-permission android:name="android.permission.FOREGROUND_SERVICE" />
70-->[androidx.work:work-runtime:2.7.0] AndroidManifest.xml:28:5-77
70-->[androidx.work:work-runtime:2.7.0] AndroidManifest.xml:28:22-74
71
72    <permission
72-->[androidx.core:core:1.9.0] AndroidManifest.xml:22:5-24:47
73        android:name="com.superadtech.adsmodel.DYNAMIC_RECEIVER_NOT_EXPORTED_PERMISSION"
73-->[androidx.core:core:1.9.0] AndroidManifest.xml:23:9-81
74        android:protectionLevel="signature" />
74-->[androidx.core:core:1.9.0] AndroidManifest.xml:24:9-44
75
76    <uses-permission android:name="com.superadtech.adsmodel.DYNAMIC_RECEIVER_NOT_EXPORTED_PERMISSION" />
76-->[androidx.core:core:1.9.0] AndroidManifest.xml:26:5-97
76-->[androidx.core:core:1.9.0] AndroidManifest.xml:26:22-94
77
78    <application
78-->src\main\AndroidManifest.xml:6:5-27:19
79        android:name="com.superadtech.modids.Applicationclass"
79-->src\main\AndroidManifest.xml:7:9-63
80        android:allowBackup="true"
80-->src\main\AndroidManifest.xml:8:9-35
81        android:appComponentFactory="androidx.core.app.CoreComponentFactory"
81-->[androidx.core:core:1.9.0] AndroidManifest.xml:28:18-86
82        android:debuggable="true"
83        android:icon="@drawable/logo"
83-->src\main\AndroidManifest.xml:9:9-38
84        android:label="@string/app_name"
84-->src\main\AndroidManifest.xml:10:9-41
85        android:roundIcon="@drawable/logo"
85-->src\main\AndroidManifest.xml:11:9-43
86        android:supportsRtl="true"
86-->src\main\AndroidManifest.xml:12:9-35
87        android:testOnly="true"
88        android:theme="@style/Theme.FinalProject" >
88-->src\main\AndroidManifest.xml:13:9-50
89        <activity
89-->src\main\AndroidManifest.xml:15:9-17:40
90            android:name="com.superadtech.adsmodel.MainActivity2"
90-->src\main\AndroidManifest.xml:16:13-66
91            android:exported="false" />
91-->src\main\AndroidManifest.xml:17:13-37
92        <activity
92-->src\main\AndroidManifest.xml:18:9-26:20
93            android:name="com.superadtech.adsmodel.MActivity"
93-->src\main\AndroidManifest.xml:19:13-62
94            android:exported="true" >
94-->src\main\AndroidManifest.xml:20:13-36
95            <intent-filter>
95-->src\main\AndroidManifest.xml:21:13-25:29
96                <action android:name="android.intent.action.MAIN" />
96-->src\main\AndroidManifest.xml:22:17-69
96-->src\main\AndroidManifest.xml:22:25-66
97
98                <category android:name="android.intent.category.LAUNCHER" />
98-->src\main\AndroidManifest.xml:24:17-77
98-->src\main\AndroidManifest.xml:24:27-74
99            </intent-filter>
100        </activity>
101
102        <meta-data
102-->[:bdvanceswitch] AndroidManifest.xml:22:9-24:36
103            android:name="com.google.android.gms.ads.AD_MANAGER_APP"
103-->[:bdvanceswitch] AndroidManifest.xml:23:13-69
104            android:value="true" />
104-->[:bdvanceswitch] AndroidManifest.xml:24:13-33
105        <meta-data
105-->[:bdvanceswitch] AndroidManifest.xml:25:9-27:70
106            android:name="com.google.android.gms.ads.APPLICATION_ID"
106-->[:bdvanceswitch] AndroidManifest.xml:26:13-69
107            android:value="ca-app-pub-3940256099942544~3347511713" />
107-->[:bdvanceswitch] AndroidManifest.xml:27:13-67
108
109        <receiver
109-->[com.onesignal:OneSignal:4.8.6] AndroidManifest.xml:50:9-61:20
110            android:name="com.onesignal.FCMBroadcastReceiver"
110-->[com.onesignal:OneSignal:4.8.6] AndroidManifest.xml:51:13-62
111            android:exported="true"
111-->[com.onesignal:OneSignal:4.8.6] AndroidManifest.xml:52:13-36
112            android:permission="com.google.android.c2dm.permission.SEND" >
112-->[com.onesignal:OneSignal:4.8.6] AndroidManifest.xml:53:13-73
113
114            <!-- High priority so OneSignal payloads can be filtered from other FCM receivers -->
115            <intent-filter android:priority="999" >
115-->[com.onesignal:OneSignal:4.8.6] AndroidManifest.xml:56:13-60:29
115-->[com.onesignal:OneSignal:4.8.6] AndroidManifest.xml:56:28-50
116                <action android:name="com.google.android.c2dm.intent.RECEIVE" />
116-->[com.onesignal:OneSignal:4.8.6] AndroidManifest.xml:57:17-81
116-->[com.onesignal:OneSignal:4.8.6] AndroidManifest.xml:57:25-78
117
118                <category android:name="com.superadtech.adsmodel" />
118-->[com.onesignal:OneSignal:4.8.6] AndroidManifest.xml:59:17-61
118-->[com.onesignal:OneSignal:4.8.6] AndroidManifest.xml:59:27-58
119            </intent-filter>
120        </receiver>
121
122        <service
122-->[com.onesignal:OneSignal:4.8.6] AndroidManifest.xml:63:9-69:19
123            android:name="com.onesignal.HmsMessageServiceOneSignal"
123-->[com.onesignal:OneSignal:4.8.6] AndroidManifest.xml:64:13-68
124            android:exported="false" >
124-->[com.onesignal:OneSignal:4.8.6] AndroidManifest.xml:65:13-37
125            <intent-filter>
125-->[com.onesignal:OneSignal:4.8.6] AndroidManifest.xml:66:13-68:29
126                <action android:name="com.huawei.push.action.MESSAGING_EVENT" />
126-->[com.onesignal:OneSignal:4.8.6] AndroidManifest.xml:67:17-81
126-->[com.onesignal:OneSignal:4.8.6] AndroidManifest.xml:67:25-78
127            </intent-filter>
128        </service>
129
130        <activity
130-->[com.onesignal:OneSignal:4.8.6] AndroidManifest.xml:71:9-79:20
131            android:name="com.onesignal.NotificationOpenedActivityHMS"
131-->[com.onesignal:OneSignal:4.8.6] AndroidManifest.xml:72:13-71
132            android:exported="true"
132-->[com.onesignal:OneSignal:4.8.6] AndroidManifest.xml:73:13-36
133            android:noHistory="true"
133-->[com.onesignal:OneSignal:4.8.6] AndroidManifest.xml:74:13-37
134            android:theme="@android:style/Theme.Translucent.NoTitleBar" >
134-->[com.onesignal:OneSignal:4.8.6] AndroidManifest.xml:75:13-72
135            <intent-filter>
135-->[com.onesignal:OneSignal:4.8.6] AndroidManifest.xml:76:13-78:29
136                <action android:name="android.intent.action.VIEW" />
136-->[com.onesignal:OneSignal:4.8.6] AndroidManifest.xml:77:17-69
136-->[com.onesignal:OneSignal:4.8.6] AndroidManifest.xml:77:25-66
137            </intent-filter>
138        </activity>
139
140        <service
140-->[com.onesignal:OneSignal:4.8.6] AndroidManifest.xml:81:9-83:40
141            android:name="com.onesignal.FCMIntentService"
141-->[com.onesignal:OneSignal:4.8.6] AndroidManifest.xml:82:13-58
142            android:exported="false" />
142-->[com.onesignal:OneSignal:4.8.6] AndroidManifest.xml:83:13-37
143        <service
143-->[com.onesignal:OneSignal:4.8.6] AndroidManifest.xml:84:9-87:72
144            android:name="com.onesignal.FCMIntentJobService"
144-->[com.onesignal:OneSignal:4.8.6] AndroidManifest.xml:85:13-61
145            android:exported="false"
145-->[com.onesignal:OneSignal:4.8.6] AndroidManifest.xml:86:13-37
146            android:permission="android.permission.BIND_JOB_SERVICE" />
146-->[com.onesignal:OneSignal:4.8.6] AndroidManifest.xml:87:13-69
147        <service
147-->[com.onesignal:OneSignal:4.8.6] AndroidManifest.xml:88:9-91:43
148            android:name="com.onesignal.SyncService"
148-->[com.onesignal:OneSignal:4.8.6] AndroidManifest.xml:89:13-53
149            android:exported="false"
149-->[com.onesignal:OneSignal:4.8.6] AndroidManifest.xml:90:13-37
150            android:stopWithTask="true" />
150-->[com.onesignal:OneSignal:4.8.6] AndroidManifest.xml:91:13-40
151        <service
151-->[com.onesignal:OneSignal:4.8.6] AndroidManifest.xml:92:9-95:72
152            android:name="com.onesignal.SyncJobService"
152-->[com.onesignal:OneSignal:4.8.6] AndroidManifest.xml:93:13-56
153            android:exported="false"
153-->[com.onesignal:OneSignal:4.8.6] AndroidManifest.xml:94:13-37
154            android:permission="android.permission.BIND_JOB_SERVICE" />
154-->[com.onesignal:OneSignal:4.8.6] AndroidManifest.xml:95:13-69
155
156        <activity
156-->[com.onesignal:OneSignal:4.8.6] AndroidManifest.xml:97:9-100:75
157            android:name="com.onesignal.PermissionsActivity"
157-->[com.onesignal:OneSignal:4.8.6] AndroidManifest.xml:98:13-61
158            android:exported="false"
158-->[com.onesignal:OneSignal:4.8.6] AndroidManifest.xml:99:13-37
159            android:theme="@android:style/Theme.Translucent.NoTitleBar" />
159-->[com.onesignal:OneSignal:4.8.6] AndroidManifest.xml:100:13-72
160
161        <receiver
161-->[com.onesignal:OneSignal:4.8.6] AndroidManifest.xml:102:9-104:39
162            android:name="com.onesignal.NotificationDismissReceiver"
162-->[com.onesignal:OneSignal:4.8.6] AndroidManifest.xml:103:13-69
163            android:exported="true" />
163-->[com.onesignal:OneSignal:4.8.6] AndroidManifest.xml:104:13-36
164        <receiver
164-->[com.onesignal:OneSignal:4.8.6] AndroidManifest.xml:105:9-112:20
165            android:name="com.onesignal.BootUpReceiver"
165-->[com.onesignal:OneSignal:4.8.6] AndroidManifest.xml:106:13-56
166            android:exported="true" >
166-->[com.onesignal:OneSignal:4.8.6] AndroidManifest.xml:107:13-36
167            <intent-filter>
167-->[com.onesignal:OneSignal:4.8.6] AndroidManifest.xml:108:13-111:29
168                <action android:name="android.intent.action.BOOT_COMPLETED" />
168-->[com.onesignal:OneSignal:4.8.6] AndroidManifest.xml:109:17-79
168-->[com.onesignal:OneSignal:4.8.6] AndroidManifest.xml:109:25-76
169                <action android:name="android.intent.action.QUICKBOOT_POWERON" />
169-->[com.onesignal:OneSignal:4.8.6] AndroidManifest.xml:110:17-82
169-->[com.onesignal:OneSignal:4.8.6] AndroidManifest.xml:110:25-79
170            </intent-filter>
171        </receiver>
172        <receiver
172-->[com.onesignal:OneSignal:4.8.6] AndroidManifest.xml:113:9-119:20
173            android:name="com.onesignal.UpgradeReceiver"
173-->[com.onesignal:OneSignal:4.8.6] AndroidManifest.xml:114:13-57
174            android:exported="true" >
174-->[com.onesignal:OneSignal:4.8.6] AndroidManifest.xml:115:13-36
175            <intent-filter>
175-->[com.onesignal:OneSignal:4.8.6] AndroidManifest.xml:116:13-118:29
176                <action android:name="android.intent.action.MY_PACKAGE_REPLACED" />
176-->[com.onesignal:OneSignal:4.8.6] AndroidManifest.xml:117:17-84
176-->[com.onesignal:OneSignal:4.8.6] AndroidManifest.xml:117:25-81
177            </intent-filter>
178        </receiver>
179
180        <activity
180-->[com.onesignal:OneSignal:4.8.6] AndroidManifest.xml:121:9-127:75
181            android:name="com.onesignal.NotificationOpenedReceiver"
181-->[com.onesignal:OneSignal:4.8.6] AndroidManifest.xml:122:13-68
182            android:excludeFromRecents="true"
182-->[com.onesignal:OneSignal:4.8.6] AndroidManifest.xml:123:13-46
183            android:exported="true"
183-->[com.onesignal:OneSignal:4.8.6] AndroidManifest.xml:124:13-36
184            android:noHistory="true"
184-->[com.onesignal:OneSignal:4.8.6] AndroidManifest.xml:125:13-37
185            android:taskAffinity=""
185-->[com.onesignal:OneSignal:4.8.6] AndroidManifest.xml:126:13-36
186            android:theme="@android:style/Theme.Translucent.NoTitleBar" />
186-->[com.onesignal:OneSignal:4.8.6] AndroidManifest.xml:127:13-72
187        <activity
187-->[com.onesignal:OneSignal:4.8.6] AndroidManifest.xml:128:9-133:75
188            android:name="com.onesignal.NotificationOpenedReceiverAndroid22AndOlder"
188-->[com.onesignal:OneSignal:4.8.6] AndroidManifest.xml:129:13-85
189            android:excludeFromRecents="true"
189-->[com.onesignal:OneSignal:4.8.6] AndroidManifest.xml:130:13-46
190            android:exported="true"
190-->[com.onesignal:OneSignal:4.8.6] AndroidManifest.xml:131:13-36
191            android:noHistory="true"
191-->[com.onesignal:OneSignal:4.8.6] AndroidManifest.xml:132:13-37
192            android:theme="@android:style/Theme.Translucent.NoTitleBar" />
192-->[com.onesignal:OneSignal:4.8.6] AndroidManifest.xml:133:13-72
193        <activity
193-->[com.facebook.android:audience-network-sdk:6.16.0] AndroidManifest.xml:20:9-24:75
194            android:name="com.facebook.ads.AudienceNetworkActivity"
194-->[com.facebook.android:audience-network-sdk:6.16.0] AndroidManifest.xml:21:13-68
195            android:configChanges="keyboardHidden|orientation|screenSize|smallestScreenSize|screenLayout"
195-->[com.facebook.android:audience-network-sdk:6.16.0] AndroidManifest.xml:22:13-106
196            android:exported="false"
196-->[com.facebook.android:audience-network-sdk:6.16.0] AndroidManifest.xml:23:13-37
197            android:theme="@android:style/Theme.Translucent.NoTitleBar" />
197-->[com.facebook.android:audience-network-sdk:6.16.0] AndroidManifest.xml:24:13-72
198
199        <provider
199-->[com.facebook.android:audience-network-sdk:6.16.0] AndroidManifest.xml:26:9-29:40
200            android:name="com.facebook.ads.AudienceNetworkContentProvider"
200-->[com.facebook.android:audience-network-sdk:6.16.0] AndroidManifest.xml:27:13-75
201            android:authorities="com.superadtech.adsmodel.AudienceNetworkContentProvider"
201-->[com.facebook.android:audience-network-sdk:6.16.0] AndroidManifest.xml:28:13-82
202            android:exported="false" />
202-->[com.facebook.android:audience-network-sdk:6.16.0] AndroidManifest.xml:29:13-37
203
204        <receiver
204-->[com.google.firebase:firebase-messaging:23.0.0] AndroidManifest.xml:28:9-35:20
205            android:name="com.google.firebase.iid.FirebaseInstanceIdReceiver"
205-->[com.google.firebase:firebase-messaging:23.0.0] AndroidManifest.xml:29:13-78
206            android:exported="true"
206-->[com.google.firebase:firebase-messaging:23.0.0] AndroidManifest.xml:30:13-36
207            android:permission="com.google.android.c2dm.permission.SEND" >
207-->[com.google.firebase:firebase-messaging:23.0.0] AndroidManifest.xml:31:13-73
208            <intent-filter>
208-->[com.google.firebase:firebase-messaging:23.0.0] AndroidManifest.xml:32:13-34:29
209                <action android:name="com.google.android.c2dm.intent.RECEIVE" />
209-->[com.onesignal:OneSignal:4.8.6] AndroidManifest.xml:57:17-81
209-->[com.onesignal:OneSignal:4.8.6] AndroidManifest.xml:57:25-78
210            </intent-filter>
211        </receiver>
212        <!--
213             FirebaseMessagingService performs security checks at runtime,
214             but set to not exported to explicitly avoid allowing another app to call it.
215        -->
216        <service
216-->[com.google.firebase:firebase-messaging:23.0.0] AndroidManifest.xml:41:9-48:19
217            android:name="com.google.firebase.messaging.FirebaseMessagingService"
217-->[com.google.firebase:firebase-messaging:23.0.0] AndroidManifest.xml:42:13-82
218            android:directBootAware="true"
218-->[com.google.firebase:firebase-messaging:23.0.0] AndroidManifest.xml:43:13-43
219            android:exported="false" >
219-->[com.google.firebase:firebase-messaging:23.0.0] AndroidManifest.xml:44:13-37
220            <intent-filter android:priority="-500" >
220-->[com.google.firebase:firebase-messaging:23.0.0] AndroidManifest.xml:45:13-47:29
220-->[com.google.firebase:firebase-messaging:23.0.0] AndroidManifest.xml:45:28-51
221                <action android:name="com.google.firebase.MESSAGING_EVENT" />
221-->[com.google.firebase:firebase-messaging:23.0.0] AndroidManifest.xml:46:17-78
221-->[com.google.firebase:firebase-messaging:23.0.0] AndroidManifest.xml:46:25-75
222            </intent-filter>
223        </service>
224        <service
224-->[com.google.firebase:firebase-messaging:23.0.0] AndroidManifest.xml:49:9-55:19
225            android:name="com.google.firebase.components.ComponentDiscoveryService"
225-->[com.google.firebase:firebase-messaging:23.0.0] AndroidManifest.xml:50:13-84
226            android:directBootAware="true"
226-->[com.google.firebase:firebase-common:20.0.0] AndroidManifest.xml:35:13-43
227            android:exported="false" >
227-->[com.google.firebase:firebase-messaging:23.0.0] AndroidManifest.xml:51:13-37
228            <meta-data
228-->[com.google.firebase:firebase-messaging:23.0.0] AndroidManifest.xml:52:13-54:85
229                android:name="com.google.firebase.components:com.google.firebase.messaging.FirebaseMessagingRegistrar"
229-->[com.google.firebase:firebase-messaging:23.0.0] AndroidManifest.xml:53:17-119
230                android:value="com.google.firebase.components.ComponentRegistrar" />
230-->[com.google.firebase:firebase-messaging:23.0.0] AndroidManifest.xml:54:17-82
231            <meta-data
231-->[com.google.firebase:firebase-datatransport:18.0.0] AndroidManifest.xml:28:13-30:85
232                android:name="com.google.firebase.components:com.google.firebase.datatransport.TransportRegistrar"
232-->[com.google.firebase:firebase-datatransport:18.0.0] AndroidManifest.xml:29:17-115
233                android:value="com.google.firebase.components.ComponentRegistrar" />
233-->[com.google.firebase:firebase-datatransport:18.0.0] AndroidManifest.xml:30:17-82
234            <meta-data
234-->[com.google.firebase:firebase-installations:17.0.0] AndroidManifest.xml:18:13-20:85
235                android:name="com.google.firebase.components:com.google.firebase.installations.FirebaseInstallationsRegistrar"
235-->[com.google.firebase:firebase-installations:17.0.0] AndroidManifest.xml:19:17-127
236                android:value="com.google.firebase.components.ComponentRegistrar" />
236-->[com.google.firebase:firebase-installations:17.0.0] AndroidManifest.xml:20:17-82
237        </service> <!-- Include the AdActivity and InAppPurchaseActivity configChanges and themes. -->
238        <activity
238-->[com.google.android.gms:play-services-ads-lite:22.2.0] AndroidManifest.xml:53:9-58:43
239            android:name="com.google.android.gms.ads.AdActivity"
239-->[com.google.android.gms:play-services-ads-lite:22.2.0] AndroidManifest.xml:54:13-65
240            android:configChanges="keyboard|keyboardHidden|orientation|screenLayout|uiMode|screenSize|smallestScreenSize"
240-->[com.google.android.gms:play-services-ads-lite:22.2.0] AndroidManifest.xml:55:13-122
241            android:exported="false"
241-->[com.google.android.gms:play-services-ads-lite:22.2.0] AndroidManifest.xml:56:13-37
242            android:theme="@android:style/Theme.Translucent" />
242-->[com.google.android.gms:play-services-ads-lite:22.2.0] AndroidManifest.xml:57:13-61
243
244        <provider
244-->[com.google.android.gms:play-services-ads-lite:22.2.0] AndroidManifest.xml:60:9-65:43
245            android:name="com.google.android.gms.ads.MobileAdsInitProvider"
245-->[com.google.android.gms:play-services-ads-lite:22.2.0] AndroidManifest.xml:61:13-76
246            android:authorities="com.superadtech.adsmodel.mobileadsinitprovider"
246-->[com.google.android.gms:play-services-ads-lite:22.2.0] AndroidManifest.xml:62:13-73
247            android:exported="false"
247-->[com.google.android.gms:play-services-ads-lite:22.2.0] AndroidManifest.xml:63:13-37
248            android:initOrder="100" />
248-->[com.google.android.gms:play-services-ads-lite:22.2.0] AndroidManifest.xml:64:13-36
249
250        <service
250-->[com.google.android.gms:play-services-ads-lite:22.2.0] AndroidManifest.xml:67:9-71:43
251            android:name="com.google.android.gms.ads.AdService"
251-->[com.google.android.gms:play-services-ads-lite:22.2.0] AndroidManifest.xml:68:13-64
252            android:enabled="true"
252-->[com.google.android.gms:play-services-ads-lite:22.2.0] AndroidManifest.xml:69:13-35
253            android:exported="false" />
253-->[com.google.android.gms:play-services-ads-lite:22.2.0] AndroidManifest.xml:70:13-37
254
255        <activity
255-->[com.google.android.gms:play-services-ads-lite:22.2.0] AndroidManifest.xml:73:9-77:43
256            android:name="com.google.android.gms.ads.OutOfContextTestingActivity"
256-->[com.google.android.gms:play-services-ads-lite:22.2.0] AndroidManifest.xml:74:13-82
257            android:configChanges="keyboard|keyboardHidden|orientation|screenLayout|uiMode|screenSize|smallestScreenSize"
257-->[com.google.android.gms:play-services-ads-lite:22.2.0] AndroidManifest.xml:75:13-122
258            android:exported="false" />
258-->[com.google.android.gms:play-services-ads-lite:22.2.0] AndroidManifest.xml:76:13-37
259
260        <provider
260-->[com.google.firebase:firebase-common:20.0.0] AndroidManifest.xml:26:9-31:39
261            android:name="com.google.firebase.provider.FirebaseInitProvider"
261-->[com.google.firebase:firebase-common:20.0.0] AndroidManifest.xml:27:13-77
262            android:authorities="com.superadtech.adsmodel.firebaseinitprovider"
262-->[com.google.firebase:firebase-common:20.0.0] AndroidManifest.xml:28:13-72
263            android:directBootAware="true"
263-->[com.google.firebase:firebase-common:20.0.0] AndroidManifest.xml:29:13-43
264            android:exported="false"
264-->[com.google.firebase:firebase-common:20.0.0] AndroidManifest.xml:30:13-37